[2025-10-31T21:05:23.003+0000] {local_task_job_runner.py:123} INFO - ::group::Pre task execution logs
[2025-10-31T21:05:23.023+0000] {taskinstance.py:2631} INFO - Dependencies all met for dep_context=non-requeueable deps ti=<TaskInstance: processamento_de_bronze.processar_bronze_incremental manual__2025-10-31T21:05:21.029377+00:00 [queued]>
[2025-10-31T21:05:23.031+0000] {taskinstance.py:2631} INFO - Dependencies all met for dep_context=requeueable deps ti=<TaskInstance: processamento_de_bronze.processar_bronze_incremental manual__2025-10-31T21:05:21.029377+00:00 [queued]>
[2025-10-31T21:05:23.033+0000] {taskinstance.py:2884} INFO - Starting attempt 1 of 2
[2025-10-31T21:05:23.050+0000] {taskinstance.py:2907} INFO - Executing <Task(PythonOperator): processar_bronze_incremental> on 2025-10-31 21:05:21.029377+00:00
[2025-10-31T21:05:23.060+0000] {standard_task_runner.py:72} INFO - Started process 276 to run task
[2025-10-31T21:05:23.064+0000] {standard_task_runner.py:104} INFO - Running: ['airflow', 'tasks', 'run', 'processamento_de_bronze', 'processar_bronze_incremental', 'manual__2025-10-31T21:05:21.029377+00:00', '--job-id', '77', '--raw', '--subdir', 'DAGS_FOLDER/bronze_processing_dag.py', '--cfg-path', '/tmp/tmpuqcp1ms7']
[2025-10-31T21:05:23.068+0000] {standard_task_runner.py:105} INFO - Job 77: Subtask processar_bronze_incremental
[2025-10-31T21:05:23.218+0000] {task_command.py:467} INFO - Running <TaskInstance: processamento_de_bronze.processar_bronze_incremental manual__2025-10-31T21:05:21.029377+00:00 [running]> on host b1dcca16ab9b
[2025-10-31T21:05:23.346+0000] {taskinstance.py:3157} INFO - Exporting env vars: AIRFLOW_CTX_DAG_OWNER='daxlog' AIRFLOW_CTX_DAG_ID='processamento_de_bronze' AIRFLOW_CTX_TASK_ID='processar_bronze_incremental' AIRFLOW_CTX_EXECUTION_DATE='2025-10-31T21:05:21.029377+00:00' AIRFLOW_CTX_TRY_NUMBER='1' AIRFLOW_CTX_DAG_RUN_ID='manual__2025-10-31T21:05:21.029377+00:00'
[2025-10-31T21:05:23.348+0000] {taskinstance.py:740} INFO - ::endgroup::
[2025-10-31T21:05:23.373+0000] {etl_bronze.py:166} INFO - --- Iniciando ETL: RAW -> BRONZE (Pandas Puro + Psycopg2 Load) ---
[2025-10-31T21:05:23.375+0000] {s3_utils.py:25} INFO - Conectando ao MinIO em: http://minio:9000 com BUCKET: datalake
[2025-10-31T21:05:23.879+0000] {etl_bronze.py:183} INFO - Dados lidos do MinIO com sucesso. Total de linhas: 200
[2025-10-31T21:05:23.923+0000] {etl_bronze.py:206} INFO - Transformação e garantia de tipos com Pandas concluída.
[2025-10-31T21:05:23.946+0000] {etl_bronze.py:74} INFO - Iniciando Transação Única: Criação/Carga/Upsert.
[2025-10-31T21:05:24.015+0000] {etl_bronze.py:100} INFO - Tabela de staging TEMPORÁRIA criada no cursor atual.
[2025-10-31T21:05:24.017+0000] {etl_bronze.py:103} INFO - Iniciando carga massiva (COPY FROM STDIN) de 200 registros...
[2025-10-31T21:05:24.030+0000] {etl_bronze.py:153} ERROR - Falha CRÍTICA durante a carga. ROLLBACK executado: invalid input syntax for type numeric: ""8.42""
CONTEXT:  COPY temp_bronze_awb_staging, line 1, column package_weight_kg: ""8.42""

[2025-10-31T21:05:24.032+0000] {etl_bronze.py:222} ERROR - Erro durante a carga incremental no PostgreSQL: invalid input syntax for type numeric: ""8.42""
CONTEXT:  COPY temp_bronze_awb_staging, line 1, column package_weight_kg: ""8.42""

[2025-10-31T21:05:24.034+0000] {taskinstance.py:3336} ERROR - Task failed with exception
Traceback (most recent call last):
  File "/home/airflow/.local/lib/python3.11/site-packages/airflow/models/taskinstance.py", line 776, in _execute_task
    result = _execute_callable(context=context, **execute_callable_kwargs)
             ^^^^^^^^^^^^^^^^^^^^^^^^^^^^^^^^^^^^^^^^^^^^^^^^^^^^^^^^^^^^^
  File "/home/airflow/.local/lib/python3.11/site-packages/airflow/models/taskinstance.py", line 742, in _execute_callable
    return ExecutionCallableRunner(
           ^^^^^^^^^^^^^^^^^^^^^^^^
  File "/home/airflow/.local/lib/python3.11/site-packages/airflow/utils/operator_helpers.py", line 252, in run
    return self.func(*args, **kwargs)
           ^^^^^^^^^^^^^^^^^^^^^^^^^^
  File "/home/airflow/.local/lib/python3.11/site-packages/airflow/models/baseoperator.py", line 424, in wrapper
    return func(self, *args, **kwargs)
           ^^^^^^^^^^^^^^^^^^^^^^^^^^^
  File "/home/airflow/.local/lib/python3.11/site-packages/airflow/operators/python.py", line 238, in execute
    return_value = self.execute_callable()
                   ^^^^^^^^^^^^^^^^^^^^^^^
  File "/home/airflow/.local/lib/python3.11/site-packages/airflow/operators/python.py", line 256, in execute_callable
    return runner.run(*self.op_args, **self.op_kwargs)
           ^^^^^^^^^^^^^^^^^^^^^^^^^^^^^^^^^^^^^^^^^^^
  File "/home/airflow/.local/lib/python3.11/site-packages/airflow/utils/operator_helpers.py", line 252, in run
    return self.func(*args, **kwargs)
           ^^^^^^^^^^^^^^^^^^^^^^^^^^
  File "/opt/airflow/dags/etl_bronze.py", line 217, in run_etl_bronze
    load_to_postgres_robust(df_pandas, engine)
  File "/opt/airflow/dags/etl_bronze.py", line 105, in load_to_postgres_robust
    cur.copy_from(
psycopg2.errors.InvalidTextRepresentation: invalid input syntax for type numeric: ""8.42""
CONTEXT:  COPY temp_bronze_awb_staging, line 1, column package_weight_kg: ""8.42""

[2025-10-31T21:05:24.096+0000] {taskinstance.py:1242} INFO - Marking task as UP_FOR_RETRY. dag_id=processamento_de_bronze, task_id=processar_bronze_incremental, run_id=manual__2025-10-31T21:05:21.029377+00:00, execution_date=20251031T210521, start_date=20251031T210523, end_date=20251031T210524
[2025-10-31T21:05:24.154+0000] {taskinstance.py:349} INFO - ::group::Post task execution logs
[2025-10-31T21:05:24.156+0000] {standard_task_runner.py:124} ERROR - Failed to execute job 77 for task processar_bronze_incremental (invalid input syntax for type numeric: ""8.42""
CONTEXT:  COPY temp_bronze_awb_staging, line 1, column package_weight_kg: ""8.42""
; 276)
Traceback (most recent call last):
  File "/home/airflow/.local/lib/python3.11/site-packages/airflow/task/task_runner/standard_task_runner.py", line 117, in _start_by_fork
    ret = args.func(args, dag=self.dag)
          ^^^^^^^^^^^^^^^^^^^^^^^^^^^^^
  File "/home/airflow/.local/lib/python3.11/site-packages/airflow/cli/cli_config.py", line 49, in command
    return func(*args, **kwargs)
           ^^^^^^^^^^^^^^^^^^^^^
  File "/home/airflow/.local/lib/python3.11/site-packages/airflow/utils/cli.py", line 116, in wrapper
    return f(*args, **kwargs)
           ^^^^^^^^^^^^^^^^^^
  File "/home/airflow/.local/lib/python3.11/site-packages/airflow/cli/commands/task_command.py", line 483, in task_run
    task_return_code = _run_task_by_selected_method(args, _dag, ti)
                       ^^^^^^^^^^^^^^^^^^^^^^^^^^^^^^^^^^^^^^^^^^^^
  File "/home/airflow/.local/lib/python3.11/site-packages/airflow/cli/commands/task_command.py", line 256, in _run_task_by_selected_method
    return _run_raw_task(args, ti)
           ^^^^^^^^^^^^^^^^^^^^^^^
  File "/home/airflow/.local/lib/python3.11/site-packages/airflow/cli/commands/task_command.py", line 341, in _run_raw_task
    return ti._run_raw_task(
           ^^^^^^^^^^^^^^^^^
  File "/home/airflow/.local/lib/python3.11/site-packages/airflow/utils/session.py", line 97, in wrapper
    return func(*args, session=session, **kwargs)
           ^^^^^^^^^^^^^^^^^^^^^^^^^^^^^^^^^^^^^^
  File "/home/airflow/.local/lib/python3.11/site-packages/airflow/models/taskinstance.py", line 3029, in _run_raw_task
    return _run_raw_task(
           ^^^^^^^^^^^^^^
  File "/home/airflow/.local/lib/python3.11/site-packages/airflow/models/taskinstance.py", line 282, in _run_raw_task
    TaskInstance._execute_task_with_callbacks(
  File "/home/airflow/.local/lib/python3.11/site-packages/airflow/models/taskinstance.py", line 3184, in _execute_task_with_callbacks
    result = self._execute_task(context, task_orig)
             ^^^^^^^^^^^^^^^^^^^^^^^^^^^^^^^^^^^^^^
  File "/home/airflow/.local/lib/python3.11/site-packages/airflow/models/taskinstance.py", line 3208, in _execute_task
    return _execute_task(self, context, task_orig)
           ^^^^^^^^^^^^^^^^^^^^^^^^^^^^^^^^^^^^^^^
  File "/home/airflow/.local/lib/python3.11/site-packages/airflow/models/taskinstance.py", line 776, in _execute_task
    result = _execute_callable(context=context, **execute_callable_kwargs)
             ^^^^^^^^^^^^^^^^^^^^^^^^^^^^^^^^^^^^^^^^^^^^^^^^^^^^^^^^^^^^^
  File "/home/airflow/.local/lib/python3.11/site-packages/airflow/models/taskinstance.py", line 742, in _execute_callable
    return ExecutionCallableRunner(
           ^^^^^^^^^^^^^^^^^^^^^^^^
  File "/home/airflow/.local/lib/python3.11/site-packages/airflow/utils/operator_helpers.py", line 252, in run
    return self.func(*args, **kwargs)
           ^^^^^^^^^^^^^^^^^^^^^^^^^^
  File "/home/airflow/.local/lib/python3.11/site-packages/airflow/models/baseoperator.py", line 424, in wrapper
    return func(self, *args, **kwargs)
           ^^^^^^^^^^^^^^^^^^^^^^^^^^^
  File "/home/airflow/.local/lib/python3.11/site-packages/airflow/operators/python.py", line 238, in execute
    return_value = self.execute_callable()
                   ^^^^^^^^^^^^^^^^^^^^^^^
  File "/home/airflow/.local/lib/python3.11/site-packages/airflow/operators/python.py", line 256, in execute_callable
    return runner.run(*self.op_args, **self.op_kwargs)
           ^^^^^^^^^^^^^^^^^^^^^^^^^^^^^^^^^^^^^^^^^^^
  File "/home/airflow/.local/lib/python3.11/site-packages/airflow/utils/operator_helpers.py", line 252, in run
    return self.func(*args, **kwargs)
           ^^^^^^^^^^^^^^^^^^^^^^^^^^
  File "/opt/airflow/dags/etl_bronze.py", line 217, in run_etl_bronze
    load_to_postgres_robust(df_pandas, engine)
  File "/opt/airflow/dags/etl_bronze.py", line 105, in load_to_postgres_robust
    cur.copy_from(
psycopg2.errors.InvalidTextRepresentation: invalid input syntax for type numeric: ""8.42""
CONTEXT:  COPY temp_bronze_awb_staging, line 1, column package_weight_kg: ""8.42""

[2025-10-31T21:05:24.207+0000] {local_task_job_runner.py:266} INFO - Task exited with return code 1
[2025-10-31T21:05:24.236+0000] {taskinstance.py:3924} INFO - 0 downstream tasks scheduled from follow-on schedule check
[2025-10-31T21:05:24.244+0000] {local_task_job_runner.py:245} INFO - ::endgroup::
