[2025-11-02T18:10:18.508+0000] {local_task_job_runner.py:123} INFO - ::group::Pre task execution logs
[2025-11-02T18:10:18.553+0000] {taskinstance.py:2631} INFO - Dependencies all met for dep_context=non-requeueable deps ti=<TaskInstance: dbt_core_only_test.dbt_debug_connection manual__2025-11-02T18:10:16.464354+00:00 [queued]>
[2025-11-02T18:10:18.571+0000] {taskinstance.py:2631} INFO - Dependencies all met for dep_context=requeueable deps ti=<TaskInstance: dbt_core_only_test.dbt_debug_connection manual__2025-11-02T18:10:16.464354+00:00 [queued]>
[2025-11-02T18:10:18.574+0000] {taskinstance.py:2884} INFO - Starting attempt 1 of 1
[2025-11-02T18:10:18.601+0000] {taskinstance.py:2907} INFO - Executing <Task(BashOperator): dbt_debug_connection> on 2025-11-02 18:10:16.464354+00:00
[2025-11-02T18:10:18.611+0000] {standard_task_runner.py:72} INFO - Started process 349 to run task
[2025-11-02T18:10:18.618+0000] {standard_task_runner.py:104} INFO - Running: ['airflow', 'tasks', 'run', 'dbt_core_only_test', 'dbt_debug_connection', 'manual__2025-11-02T18:10:16.464354+00:00', '--job-id', '86', '--raw', '--subdir', 'DAGS_FOLDER/dbt_core_only_test.py', '--cfg-path', '/tmp/tmp9ekwy5ch']
[2025-11-02T18:10:18.624+0000] {standard_task_runner.py:105} INFO - Job 86: Subtask dbt_debug_connection
[2025-11-02T18:10:18.739+0000] {task_command.py:467} INFO - Running <TaskInstance: dbt_core_only_test.dbt_debug_connection manual__2025-11-02T18:10:16.464354+00:00 [running]> on host 08817d7a736d
[2025-11-02T18:10:18.875+0000] {taskinstance.py:3157} INFO - Exporting env vars: AIRFLOW_CTX_DAG_OWNER='airflow' AIRFLOW_CTX_DAG_ID='dbt_core_only_test' AIRFLOW_CTX_TASK_ID='dbt_debug_connection' AIRFLOW_CTX_EXECUTION_DATE='2025-11-02T18:10:16.464354+00:00' AIRFLOW_CTX_TRY_NUMBER='1' AIRFLOW_CTX_DAG_RUN_ID='manual__2025-11-02T18:10:16.464354+00:00'
[2025-11-02T18:10:18.880+0000] {taskinstance.py:740} INFO - ::endgroup::
[2025-11-02T18:10:18.904+0000] {subprocess.py:78} INFO - Tmp dir root location: /tmp
[2025-11-02T18:10:18.907+0000] {subprocess.py:88} INFO - Running command: ['/bin/bash', '-c', 'dbt debug --project-dir /opt/airflow/dbt_project']
[2025-11-02T18:10:18.940+0000] {subprocess.py:99} INFO - Output:
[2025-11-02T18:10:25.344+0000] {subprocess.py:106} INFO - [0m18:10:25  Running with dbt=1.10.13
[2025-11-02T18:10:25.375+0000] {subprocess.py:106} INFO - [0m18:10:25  dbt version: 1.10.13
[2025-11-02T18:10:25.378+0000] {subprocess.py:106} INFO - [0m18:10:25  python version: 3.11.6
[2025-11-02T18:10:25.380+0000] {subprocess.py:106} INFO - [0m18:10:25  python path: /usr/local/bin/python
[2025-11-02T18:10:25.382+0000] {subprocess.py:106} INFO - [0m18:10:25  os info: Linux-6.6.87.2-microsoft-standard-WSL2-x86_64-with-glibc2.31
[2025-11-02T18:10:25.384+0000] {subprocess.py:106} INFO - [0m18:10:25  Using profiles dir at /home/airflow/.dbt
[2025-11-02T18:10:25.386+0000] {subprocess.py:106} INFO - [0m18:10:25  Using profiles.yml file at /home/airflow/.dbt/profiles.yml
[2025-11-02T18:10:25.388+0000] {subprocess.py:106} INFO - [0m18:10:25  Using dbt_project.yml file at /opt/airflow/dbt_project/dbt_project.yml
[2025-11-02T18:10:25.574+0000] {subprocess.py:106} INFO - [0m18:10:25  Configuration:
[2025-11-02T18:10:25.576+0000] {subprocess.py:106} INFO - [0m18:10:25    profiles.yml file [[31mERROR not found[0m]
[2025-11-02T18:10:25.579+0000] {subprocess.py:106} INFO - [0m18:10:25    dbt_project.yml file [[32mOK found and valid[0m]
[2025-11-02T18:10:25.581+0000] {subprocess.py:106} INFO - [0m18:10:25  Required dependencies:
[2025-11-02T18:10:25.591+0000] {subprocess.py:106} INFO - [0m18:10:25   - git [[31mERROR[0m]
[2025-11-02T18:10:25.593+0000] {subprocess.py:106} INFO - 
[2025-11-02T18:10:25.595+0000] {subprocess.py:106} INFO - [0m18:10:25  Connection test skipped since no profile was found
[2025-11-02T18:10:25.597+0000] {subprocess.py:106} INFO - [0m18:10:25  [31m2 checks failed:[0m
[2025-11-02T18:10:25.599+0000] {subprocess.py:106} INFO - [0m18:10:25  dbt looked for a profiles.yml file in /home/airflow/.dbt/profiles.yml, but did
[2025-11-02T18:10:25.601+0000] {subprocess.py:106} INFO - not find one. For more information on configuring your profile, consult the
[2025-11-02T18:10:25.604+0000] {subprocess.py:106} INFO - documentation:
[2025-11-02T18:10:25.608+0000] {subprocess.py:106} INFO - 
[2025-11-02T18:10:25.610+0000] {subprocess.py:106} INFO - https://docs.getdbt.com/docs/configure-your-profile
[2025-11-02T18:10:25.613+0000] {subprocess.py:106} INFO - 
[2025-11-02T18:10:25.615+0000] {subprocess.py:106} INFO - 
[2025-11-02T18:10:25.617+0000] {subprocess.py:106} INFO - [0m18:10:25  Error from git --help: User does not have permissions for this command: "git"
[2025-11-02T18:10:25.620+0000] {subprocess.py:106} INFO - 
[2025-11-02T18:10:27.140+0000] {subprocess.py:110} INFO - Command exited with return code 1
[2025-11-02T18:10:27.172+0000] {taskinstance.py:3336} ERROR - Task failed with exception
Traceback (most recent call last):
  File "/home/airflow/.local/lib/python3.11/site-packages/airflow/models/taskinstance.py", line 776, in _execute_task
    result = _execute_callable(context=context, **execute_callable_kwargs)
             ^^^^^^^^^^^^^^^^^^^^^^^^^^^^^^^^^^^^^^^^^^^^^^^^^^^^^^^^^^^^^
  File "/home/airflow/.local/lib/python3.11/site-packages/airflow/models/taskinstance.py", line 742, in _execute_callable
    return ExecutionCallableRunner(
           ^^^^^^^^^^^^^^^^^^^^^^^^
  File "/home/airflow/.local/lib/python3.11/site-packages/airflow/utils/operator_helpers.py", line 252, in run
    return self.func(*args, **kwargs)
           ^^^^^^^^^^^^^^^^^^^^^^^^^^
  File "/home/airflow/.local/lib/python3.11/site-packages/airflow/models/baseoperator.py", line 424, in wrapper
    return func(self, *args, **kwargs)
           ^^^^^^^^^^^^^^^^^^^^^^^^^^^
  File "/home/airflow/.local/lib/python3.11/site-packages/airflow/operators/bash.py", line 276, in execute
    raise AirflowException(
airflow.exceptions.AirflowException: Bash command failed. The command returned a non-zero exit code 1.
[2025-11-02T18:10:27.192+0000] {taskinstance.py:1242} INFO - Marking task as FAILED. dag_id=dbt_core_only_test, task_id=dbt_debug_connection, run_id=manual__2025-11-02T18:10:16.464354+00:00, execution_date=20251102T181016, start_date=20251102T181018, end_date=20251102T181027
[2025-11-02T18:10:27.250+0000] {taskinstance.py:349} INFO - ::group::Post task execution logs
[2025-11-02T18:10:27.253+0000] {standard_task_runner.py:124} ERROR - Failed to execute job 86 for task dbt_debug_connection (Bash command failed. The command returned a non-zero exit code 1.; 349)
Traceback (most recent call last):
  File "/home/airflow/.local/lib/python3.11/site-packages/airflow/task/task_runner/standard_task_runner.py", line 117, in _start_by_fork
    ret = args.func(args, dag=self.dag)
          ^^^^^^^^^^^^^^^^^^^^^^^^^^^^^
  File "/home/airflow/.local/lib/python3.11/site-packages/airflow/cli/cli_config.py", line 49, in command
    return func(*args, **kwargs)
           ^^^^^^^^^^^^^^^^^^^^^
  File "/home/airflow/.local/lib/python3.11/site-packages/airflow/utils/cli.py", line 116, in wrapper
    return f(*args, **kwargs)
           ^^^^^^^^^^^^^^^^^^
  File "/home/airflow/.local/lib/python3.11/site-packages/airflow/cli/commands/task_command.py", line 483, in task_run
    task_return_code = _run_task_by_selected_method(args, _dag, ti)
                       ^^^^^^^^^^^^^^^^^^^^^^^^^^^^^^^^^^^^^^^^^^^^
  File "/home/airflow/.local/lib/python3.11/site-packages/airflow/cli/commands/task_command.py", line 256, in _run_task_by_selected_method
    return _run_raw_task(args, ti)
           ^^^^^^^^^^^^^^^^^^^^^^^
  File "/home/airflow/.local/lib/python3.11/site-packages/airflow/cli/commands/task_command.py", line 341, in _run_raw_task
    return ti._run_raw_task(
           ^^^^^^^^^^^^^^^^^
  File "/home/airflow/.local/lib/python3.11/site-packages/airflow/utils/session.py", line 97, in wrapper
    return func(*args, session=session, **kwargs)
           ^^^^^^^^^^^^^^^^^^^^^^^^^^^^^^^^^^^^^^
  File "/home/airflow/.local/lib/python3.11/site-packages/airflow/models/taskinstance.py", line 3029, in _run_raw_task
    return _run_raw_task(
           ^^^^^^^^^^^^^^
  File "/home/airflow/.local/lib/python3.11/site-packages/airflow/models/taskinstance.py", line 282, in _run_raw_task
    TaskInstance._execute_task_with_callbacks(
  File "/home/airflow/.local/lib/python3.11/site-packages/airflow/models/taskinstance.py", line 3184, in _execute_task_with_callbacks
    result = self._execute_task(context, task_orig)
             ^^^^^^^^^^^^^^^^^^^^^^^^^^^^^^^^^^^^^^
  File "/home/airflow/.local/lib/python3.11/site-packages/airflow/models/taskinstance.py", line 3208, in _execute_task
    return _execute_task(self, context, task_orig)
           ^^^^^^^^^^^^^^^^^^^^^^^^^^^^^^^^^^^^^^^
  File "/home/airflow/.local/lib/python3.11/site-packages/airflow/models/taskinstance.py", line 776, in _execute_task
    result = _execute_callable(context=context, **execute_callable_kwargs)
             ^^^^^^^^^^^^^^^^^^^^^^^^^^^^^^^^^^^^^^^^^^^^^^^^^^^^^^^^^^^^^
  File "/home/airflow/.local/lib/python3.11/site-packages/airflow/models/taskinstance.py", line 742, in _execute_callable
    return ExecutionCallableRunner(
           ^^^^^^^^^^^^^^^^^^^^^^^^
  File "/home/airflow/.local/lib/python3.11/site-packages/airflow/utils/operator_helpers.py", line 252, in run
    return self.func(*args, **kwargs)
           ^^^^^^^^^^^^^^^^^^^^^^^^^^
  File "/home/airflow/.local/lib/python3.11/site-packages/airflow/models/baseoperator.py", line 424, in wrapper
    return func(self, *args, **kwargs)
           ^^^^^^^^^^^^^^^^^^^^^^^^^^^
  File "/home/airflow/.local/lib/python3.11/site-packages/airflow/operators/bash.py", line 276, in execute
    raise AirflowException(
airflow.exceptions.AirflowException: Bash command failed. The command returned a non-zero exit code 1.
[2025-11-02T18:10:27.311+0000] {local_task_job_runner.py:266} INFO - Task exited with return code 1
[2025-11-02T18:10:27.350+0000] {taskinstance.py:3924} INFO - 0 downstream tasks scheduled from follow-on schedule check
[2025-11-02T18:10:27.361+0000] {local_task_job_runner.py:245} INFO - ::endgroup::
