[2025-11-01T16:52:31.482+0000] {local_task_job_runner.py:123} INFO - ::group::Pre task execution logs
[2025-11-01T16:52:31.524+0000] {taskinstance.py:2631} INFO - Dependencies all met for dep_context=non-requeueable deps ti=<TaskInstance: processamento_medallion_elt_senior.data_quality_check manual__2025-11-01T16:52:24.548806+00:00 [queued]>
[2025-11-01T16:52:31.538+0000] {taskinstance.py:2631} INFO - Dependencies all met for dep_context=requeueable deps ti=<TaskInstance: processamento_medallion_elt_senior.data_quality_check manual__2025-11-01T16:52:24.548806+00:00 [queued]>
[2025-11-01T16:52:31.540+0000] {taskinstance.py:2884} INFO - Starting attempt 1 of 1
[2025-11-01T16:52:31.558+0000] {taskinstance.py:2907} INFO - Executing <Task(PythonOperator): data_quality_check> on 2025-11-01 16:52:24.548806+00:00
[2025-11-01T16:52:31.570+0000] {standard_task_runner.py:72} INFO - Started process 335 to run task
[2025-11-01T16:52:31.577+0000] {standard_task_runner.py:104} INFO - Running: ['airflow', 'tasks', 'run', 'processamento_medallion_elt_senior', 'data_quality_check', 'manual__2025-11-01T16:52:24.548806+00:00', '--job-id', '6', '--raw', '--subdir', 'DAGS_FOLDER/dag_processamento_medallion.py', '--cfg-path', '/tmp/tmpowx9qclj']
[2025-11-01T16:52:31.583+0000] {standard_task_runner.py:105} INFO - Job 6: Subtask data_quality_check
[2025-11-01T16:52:31.697+0000] {task_command.py:467} INFO - Running <TaskInstance: processamento_medallion_elt_senior.data_quality_check manual__2025-11-01T16:52:24.548806+00:00 [running]> on host d363ce3ac959
[2025-11-01T16:52:32.193+0000] {taskinstance.py:3157} INFO - Exporting env vars: AIRFLOW_CTX_DAG_OWNER='airflow' AIRFLOW_CTX_DAG_ID='processamento_medallion_elt_senior' AIRFLOW_CTX_TASK_ID='data_quality_check' AIRFLOW_CTX_EXECUTION_DATE='2025-11-01T16:52:24.548806+00:00' AIRFLOW_CTX_TRY_NUMBER='1' AIRFLOW_CTX_DAG_RUN_ID='manual__2025-11-01T16:52:24.548806+00:00'
[2025-11-01T16:52:32.216+0000] {taskinstance.py:740} INFO - ::endgroup::
[2025-11-01T16:52:32.309+0000] {etl_data_quality.py:17} INFO - Iniciando Soda Data Quality Scan na tabela: silver_enriched_awb_data
[2025-11-01T16:52:32.333+0000] {log.py:101} INFO - [16:52:32] Soda Core 3.5.6
[2025-11-01T16:52:32.463+0000] {log.py:101} ERROR - [16:52:32] Invalid configuration header: expected "data_source {data source name}".
[2025-11-01T16:52:32.466+0000] {log.py:115} ERROR -   +-> line=None,col=None in /opt/airflow/dags/soda/soda_config.yml
[2025-11-01T16:52:32.755+0000] {log.py:101} ERROR - [16:52:32] Data source 'postgres_daxlog' not present in the configuration. Configured data sources: 
[2025-11-01T16:52:32.760+0000] {log.py:101} INFO - [16:52:32] Scan summary:
[2025-11-01T16:52:32.762+0000] {log.py:101} WARNING - [16:52:32] No valid checks found, 0 checks evaluated.
[2025-11-01T16:52:32.764+0000] {log.py:101} INFO - [16:52:32] 2 errors.
[2025-11-01T16:52:32.766+0000] {log.py:101} INFO - [16:52:32] Oops! 2 errors. 0 failures. 0 warnings. 0 pass.
[2025-11-01T16:52:32.767+0000] {log.py:94} INFO - ERRORS:
[2025-11-01T16:52:32.768+0000] {log.py:101} ERROR - [16:52:32] Invalid configuration header: expected "data_source {data source name}".
[2025-11-01T16:52:32.770+0000] {log.py:115} ERROR -   +-> line=None,col=None in /opt/airflow/dags/soda/soda_config.yml
[2025-11-01T16:52:32.771+0000] {log.py:101} ERROR - [16:52:32] Data source 'postgres_daxlog' not present in the configuration. Configured data sources: 
[2025-11-01T16:52:32.775+0000] {etl_data_quality.py:34} INFO - Soda Scan conclu√≠do. Analisando resultados...
[2025-11-01T16:52:32.778+0000] {taskinstance.py:3336} ERROR - Task failed with exception
Traceback (most recent call last):
  File "/home/airflow/.local/lib/python3.11/site-packages/airflow/models/taskinstance.py", line 771, in _execute_task
    result = _execute_callable(context=context, **execute_callable_kwargs)
             ^^^^^^^^^^^^^^^^^^^^^^^^^^^^^^^^^^^^^^^^^^^^^^^^^^^^^^^^^^^^^
  File "/home/airflow/.local/lib/python3.11/site-packages/airflow/models/taskinstance.py", line 742, in _execute_callable
    return ExecutionCallableRunner(
           ^^^^^^^^^^^^^^^^^^^^^^^^
  File "/home/airflow/.local/lib/python3.11/site-packages/airflow/utils/operator_helpers.py", line 252, in run
    return self.func(*args, **kwargs)
           ^^^^^^^^^^^^^^^^^^^^^^^^^^
  File "/home/airflow/.local/lib/python3.11/site-packages/airflow/models/baseoperator.py", line 424, in wrapper
    return func(self, *args, **kwargs)
           ^^^^^^^^^^^^^^^^^^^^^^^^^^^
  File "/home/airflow/.local/lib/python3.11/site-packages/airflow/operators/python.py", line 238, in execute
    return_value = self.execute_callable()
                   ^^^^^^^^^^^^^^^^^^^^^^^
  File "/home/airflow/.local/lib/python3.11/site-packages/airflow/operators/python.py", line 256, in execute_callable
    return runner.run(*self.op_args, **self.op_kwargs)
           ^^^^^^^^^^^^^^^^^^^^^^^^^^^^^^^^^^^^^^^^^^^
  File "/home/airflow/.local/lib/python3.11/site-packages/airflow/utils/operator_helpers.py", line 252, in run
    return self.func(*args, **kwargs)
           ^^^^^^^^^^^^^^^^^^^^^^^^^^
  File "/opt/airflow/dags/etl_data_quality.py", line 36, in run_soda_scan
    if scan.has_check_failures():
       ^^^^^^^^^^^^^^^^^^^^^^^
AttributeError: 'Scan' object has no attribute 'has_check_failures'
[2025-11-01T16:52:32.902+0000] {taskinstance.py:1242} INFO - Marking task as FAILED. dag_id=processamento_medallion_elt_senior, task_id=data_quality_check, run_id=manual__2025-11-01T16:52:24.548806+00:00, execution_date=20251101T165224, start_date=20251101T165231, end_date=20251101T165232
[2025-11-01T16:52:33.005+0000] {taskinstance.py:349} INFO - ::group::Post task execution logs
[2025-11-01T16:52:33.007+0000] {standard_task_runner.py:124} ERROR - Failed to execute job 6 for task data_quality_check ('Scan' object has no attribute 'has_check_failures'; 335)
Traceback (most recent call last):
  File "/home/airflow/.local/lib/python3.11/site-packages/airflow/task/task_runner/standard_task_runner.py", line 117, in _start_by_fork
    ret = args.func(args, dag=self.dag)
          ^^^^^^^^^^^^^^^^^^^^^^^^^^^^^
  File "/home/airflow/.local/lib/python3.11/site-packages/airflow/cli/cli_config.py", line 49, in command
    return func(*args, **kwargs)
           ^^^^^^^^^^^^^^^^^^^^^
  File "/home/airflow/.local/lib/python3.11/site-packages/airflow/utils/cli.py", line 116, in wrapper
    return f(*args, **kwargs)
           ^^^^^^^^^^^^^^^^^^
  File "/home/airflow/.local/lib/python3.11/site-packages/airflow/cli/commands/task_command.py", line 483, in task_run
    task_return_code = _run_task_by_selected_method(args, _dag, ti)
                       ^^^^^^^^^^^^^^^^^^^^^^^^^^^^^^^^^^^^^^^^^^^^
  File "/home/airflow/.local/lib/python3.11/site-packages/airflow/cli/commands/task_command.py", line 256, in _run_task_by_selected_method
    return _run_raw_task(args, ti)
           ^^^^^^^^^^^^^^^^^^^^^^^
  File "/home/airflow/.local/lib/python3.11/site-packages/airflow/cli/commands/task_command.py", line 341, in _run_raw_task
    return ti._run_raw_task(
           ^^^^^^^^^^^^^^^^^
  File "/home/airflow/.local/lib/python3.11/site-packages/airflow/utils/session.py", line 97, in wrapper
    return func(*args, session=session, **kwargs)
           ^^^^^^^^^^^^^^^^^^^^^^^^^^^^^^^^^^^^^^
  File "/home/airflow/.local/lib/python3.11/site-packages/airflow/models/taskinstance.py", line 3029, in _run_raw_task
    return _run_raw_task(
           ^^^^^^^^^^^^^^
  File "/home/airflow/.local/lib/python3.11/site-packages/airflow/models/taskinstance.py", line 282, in _run_raw_task
    TaskInstance._execute_task_with_callbacks(
  File "/home/airflow/.local/lib/python3.11/site-packages/airflow/models/taskinstance.py", line 3184, in _execute_task_with_callbacks
    result = self._execute_task(context, task_orig)
             ^^^^^^^^^^^^^^^^^^^^^^^^^^^^^^^^^^^^^^
  File "/home/airflow/.local/lib/python3.11/site-packages/airflow/models/taskinstance.py", line 3208, in _execute_task
    return _execute_task(self, context, task_orig)
           ^^^^^^^^^^^^^^^^^^^^^^^^^^^^^^^^^^^^^^^
  File "/home/airflow/.local/lib/python3.11/site-packages/airflow/models/taskinstance.py", line 771, in _execute_task
    result = _execute_callable(context=context, **execute_callable_kwargs)
             ^^^^^^^^^^^^^^^^^^^^^^^^^^^^^^^^^^^^^^^^^^^^^^^^^^^^^^^^^^^^^
  File "/home/airflow/.local/lib/python3.11/site-packages/airflow/models/taskinstance.py", line 742, in _execute_callable
    return ExecutionCallableRunner(
           ^^^^^^^^^^^^^^^^^^^^^^^^
  File "/home/airflow/.local/lib/python3.11/site-packages/airflow/utils/operator_helpers.py", line 252, in run
    return self.func(*args, **kwargs)
           ^^^^^^^^^^^^^^^^^^^^^^^^^^
  File "/home/airflow/.local/lib/python3.11/site-packages/airflow/models/baseoperator.py", line 424, in wrapper
    return func(self, *args, **kwargs)
           ^^^^^^^^^^^^^^^^^^^^^^^^^^^
  File "/home/airflow/.local/lib/python3.11/site-packages/airflow/operators/python.py", line 238, in execute
    return_value = self.execute_callable()
                   ^^^^^^^^^^^^^^^^^^^^^^^
  File "/home/airflow/.local/lib/python3.11/site-packages/airflow/operators/python.py", line 256, in execute_callable
    return runner.run(*self.op_args, **self.op_kwargs)
           ^^^^^^^^^^^^^^^^^^^^^^^^^^^^^^^^^^^^^^^^^^^
  File "/home/airflow/.local/lib/python3.11/site-packages/airflow/utils/operator_helpers.py", line 252, in run
    return self.func(*args, **kwargs)
           ^^^^^^^^^^^^^^^^^^^^^^^^^^
  File "/opt/airflow/dags/etl_data_quality.py", line 36, in run_soda_scan
    if scan.has_check_failures():
       ^^^^^^^^^^^^^^^^^^^^^^^
AttributeError: 'Scan' object has no attribute 'has_check_failures'
[2025-11-01T16:52:33.040+0000] {local_task_job_runner.py:266} INFO - Task exited with return code 1
[2025-11-01T16:52:33.063+0000] {taskinstance.py:3924} INFO - 0 downstream tasks scheduled from follow-on schedule check
[2025-11-01T16:52:33.071+0000] {local_task_job_runner.py:245} INFO - ::endgroup::
